plain text
============================
plain text
============================
plain text
============================
rs_nmi: 0.715320
rs_ari: 0.715003
km_nmi: 0.622303
km_ari: 0.621882
plain text
============================
rs_nmi: 0.715320
rs_ari: 0.715003
km_nmi: 0.622303
km_ari: 0.621882
plain text
============================
rs_nmi: 0.717345
rs_ari: 0.717031
km_nmi: 0.707686
km_ari: 0.707358
plain text
============================
rs_nmi: 0.717345
rs_ari: 0.717031
km_nmi: 0.624492
km_ari: 0.624068
plain text
============================
rs_nmi: 0.717345
rs_ari: 0.717031
km_nmi: 0.707686
km_ari: 0.707358
plain text
============================
rs_nmi: 0.722471
rs_ari: 0.722163
km_nmi: 0.547373
km_ari: 0.546859
plain text
============================
rs_nmi: 0.715320
rs_ari: 0.715003
km_nmi: 0.667115
km_ari: 0.666716
plain text
============================
rs_nmi: 0.715320
rs_ari: 0.715003
km_nmi: 0.612473
km_ari: 0.612026
plain text
============================
rs_nmi: 0.715320
rs_ari: 0.715003
km_nmi: 0.591206
km_ari: 0.590734
plain text
============================
rs_nmi: 0.715320
rs_ari: 0.715003
km_nmi: 0.624664
km_ari: 0.624225
plain text
============================
rs_nmi: 0.715320
rs_ari: 0.715003
km_nmi: 0.618095
km_ari: 0.617633
plain text
============================
rs_nmi: 0.715320
rs_ari: 0.715003
km_nmi: 0.667115
km_ari: 0.666716
plain text
============================
rs_nmi: 0.715320
rs_ari: 0.715003
km_nmi: 0.707686
km_ari: 0.707358
plain text
============================
rs_nmi: 0.715320
rs_ari: 0.715003
km_nmi: 0.647020
km_ari: 0.646603
plain text
============================
rs_nmi: 0.717345
rs_ari: 0.717031
km_nmi: 0.707686
km_ari: 0.707358
plain text
============================
rs_nmi: 0.717345
rs_ari: 0.717031
km_nmi: 0.707686
km_ari: 0.707358
plain text
============================
rs_nmi: 0.715320
rs_ari: 0.715003
km_nmi: 0.547373
km_ari: 0.546859
plain text
============================
rs_nmi: 0.722910
rs_ari: 0.722602
km_nmi: 0.651039
km_ari: 0.650622
plain text
============================
rs_nmi: 0.715320
rs_ari: 0.715003
km_nmi: 0.657877
km_ari: 0.657457
plain text
============================
rs_nmi: 0.715320
rs_ari: 0.715003
km_nmi: 0.770596
km_ari: 0.770341
plain text
============================
rs_nmi: 0.715320
rs_ari: 0.715003
km_nmi: 0.707686
km_ari: 0.707358
plain text
============================
rs_nmi: 0.715320
rs_ari: 0.715003
km_nmi: 0.677145
km_ari: 0.676728
plain text
============================
rs_nmi: 0.715320
rs_ari: 0.715003
km_nmi: 0.652252
km_ari: 0.651827
plain text
============================
rs_nmi: 0.715320
rs_ari: 0.715003
km_nmi: 0.693180
km_ari: 0.692838
plain text
============================
rs_nmi: 0.609066
rs_ari: 0.608625
km_nmi: 0.597045
km_ari: 0.596571
plain text
============================
rs_nmi: 0.727897
rs_ari: 0.727595
km_nmi: 0.715320
km_ari: 0.715003
plain text
============================
rs_nmi: 0.726968
rs_ari: 0.726665
km_nmi: 0.716408
km_ari: 0.716093
plain text
============================
rs_nmi: 0.715320
rs_ari: 0.715003
km_nmi: 0.647020
km_ari: 0.646603
plain text
============================
rs_nmi: 0.715320
rs_ari: 0.715003
km_nmi: 0.628722
km_ari: 0.628307
plain text
============================
rs_nmi: 0.715320
rs_ari: 0.715003
km_nmi: 0.707686
km_ari: 0.707358
plain text
============================
rs_nmi: 0.722910
rs_ari: 0.722602
km_nmi: 0.713489
km_ari: 0.713171
plain text
============================
rs_nmi: 0.683947
rs_ari: 0.683596
km_nmi: 0.669567
km_ari: 0.669153
plain text
============================
rs_nmi: 0.715320
rs_ari: 0.715003
km_nmi: 0.564734
km_ari: 0.564235
plain text
============================
rs_nmi: 0.686660
rs_ari: 0.686317
km_nmi: 0.770596
km_ari: 0.770341
plain text
============================
rs_nmi: 0.715320
rs_ari: 0.715003
km_nmi: 0.624382
km_ari: 0.623958
plain text
============================
rs_nmi: 0.715320
rs_ari: 0.715003
km_nmi: 0.715320
km_ari: 0.715003
plain text
============================
rs_nmi: 0.717756
rs_ari: 0.717442
km_nmi: 0.666541
km_ari: 0.666133
plain text
============================
rs_nmi: 0.715320
rs_ari: 0.715003
km_nmi: 0.557419
km_ari: 0.556922
plain text
============================
rs_nmi: 0.715320
rs_ari: 0.715003
km_nmi: 0.712400
km_ari: 0.712080
plain text
============================
rs_nmi: 0.715320
rs_ari: 0.715003
km_nmi: 0.622303
km_ari: 0.621882
plain text
============================
rs_nmi: 0.715320
rs_ari: 0.715003
km_nmi: 0.715320
km_ari: 0.715003
plain text
============================
rs_nmi: 0.715721
rs_ari: 0.715405
km_nmi: 0.557419
km_ari: 0.556922
plain text
============================
rs_nmi: 0.415567
rs_ari: 0.414917
km_nmi: 0.715320
km_ari: 0.715003
plain text
============================
rs_nmi: 0.620560
rs_ari: 0.620129
km_nmi: 0.715320
km_ari: 0.715003
plain text
============================
rs_nmi: 0.726968
rs_ari: 0.726665
km_nmi: 0.659602
km_ari: 0.659188
plain text
============================
rs_nmi: 0.722910
rs_ari: 0.722602
km_nmi: 0.619201
km_ari: 0.618682
plain text
============================
rs_nmi: 0.727897
rs_ari: 0.727595
km_nmi: 0.715320
km_ari: 0.715003
plain text
============================
rs_nmi: 0.717345
rs_ari: 0.717031
km_nmi: 0.609985
km_ari: 0.609506
plain text
============================
rs_nmi: 0.727897
rs_ari: 0.727595
km_nmi: 0.657877
km_ari: 0.657457
plain text
============================
rs_nmi: 0.717345
rs_ari: 0.717031
km_nmi: 0.707686
km_ari: 0.707358
